<?xml version="1.0" encoding="UTF-8"?>
<!-- Generated by org.testng.reporters.JUnitReportReporter -->
<testsuite skipped="0" hostname="DESKTOP-O3E0A86" name="com.JSON.data.Test001" tests="2" failures="0" timestamp="2020-03-13T21:06:10 IST" time="21.185" errors="0">
  <testcase name="registration" time="7.887" classname="com.JSON.data.Test001"/>
  <system-out/>
  <testcase name="registration" time="13.298" classname="com.JSON.data.Test001"/>
  <system-out/>
</testsuite> <!-- com.JSON.data.Test001 -->
