<?xml version="1.0" encoding="UTF-8"?>
<!-- Generated by org.testng.reporters.JUnitReportReporter -->
<testsuite skipped="0" hostname="DESKTOP-O3E0A86" name="com.JSON.data.Test002" tests="2" failures="0" timestamp="2020-03-13T14:26:28 IST" time="14.916" errors="0">
  <testcase name="registration" time="6.935" classname="com.JSON.data.Test002"/>
  <system-out/>
  <testcase name="registration" time="7.981" classname="com.JSON.data.Test002"/>
  <system-out/>
</testsuite> <!-- com.JSON.data.Test002 -->
