<?xml version="1.0" encoding="UTF-8"?>
<!-- Generated by org.testng.reporters.JUnitReportReporter -->
<testsuite skipped="0" hostname="DESKTOP-O3E0A86" name="com.JSON.data.Test001" tests="2" failures="0" timestamp="2020-03-13T15:25:02 IST" time="41.393" errors="0">
  <testcase name="registration" time="13.910" classname="com.JSON.data.Test001"/>
  <system-out/>
  <testcase name="registration" time="27.483" classname="com.JSON.data.Test001"/>
  <system-out/>
</testsuite> <!-- com.JSON.data.Test001 -->
